<!DOCTYPE html PUBLIC "-//W3C//DTD XHTML 1.1//EN" "https://www.w3.org/TR/xhtml11/DTD/xhtml11.dtd">
<html xmlns="https://www.w3.org/1999/xhtml">
<head>
<meta http-equiv="content-type" content="text/html; charset=UTF-8"/>
<title>TestNG Report</title>
<style type="text/css">table {margin-bottom:10px;border-collapse:collapse;empty-cells:show}th,td {border:1px solid #009;padding:.25em .5em}th {vertical-align:bottom}td {vertical-align:top}table a {font-weight:bold}.stripe td {background-color: #E6EBF9}.num {text-align:right}.passedodd td {background-color: #3F3}.passedeven td {background-color: #0A0}.skippedodd td {background-color: #DDD}.skippedeven td {background-color: #CCC}.failedodd td,.attn {background-color: #F33}.failedeven td,.stripe .attn {background-color: #D00}.stacktrace {white-space:pre;font-family:monospace}.totop {font-size:85%;text-align:center;border-bottom:2px solid #000}.invisible {display:none}</style>
</head>
<body>
<table>
<tr><th>Test</th><th># Passed</th><th># Skipped</th><th># Retried</th><th># Failed</th><th>Time (ms)</th><th>Included Groups</th><th>Excluded Groups</th></tr>
<tr><th colspan="8">AllTests</th></tr>
<tr><td><a href="#t0">Login</a></td><td class="num">1</td><td class="num">0</td><td class="num">0</td><td class="num">0</td><td class="num">5,157</td><td></td><td></td></tr>
<tr class="stripe"><td><a href="#t1">Logout</a></td><td class="num">1</td><td class="num">0</td><td class="num">0</td><td class="num">0</td><td class="num">6,518</td><td></td><td></td></tr>
<tr><td><a href="#t2">SearchProductTest</a></td><td class="num">1</td><td class="num">0</td><td class="num">0</td><td class="num">0</td><td class="num">4,252</td><td></td><td></td></tr>
<tr class="stripe"><td><a href="#t3">FilterTest</a></td><td class="num">1</td><td class="num">0</td><td class="num">0</td><td class="num">0</td><td class="num">7,245</td><td></td><td></td></tr>
<tr><td><a href="#t4">SeeProductTest</a></td><td class="num">1</td><td class="num">0</td><td class="num">0</td><td class="num">0</td><td class="num">7,340</td><td></td><td></td></tr>
<tr class="stripe"><td><a href="#t5">AddToWishTest</a></td><td class="num">0</td><td class="num">0</td><td class="num">0</td><td class="num attn">1</td><td class="num">2,932</td><td></td><td></td></tr>
<tr><th>Total</th><th class="num">5</th><th class="num">0</th><th class="num">0</th><th class="num attn">1</th><th class="num">33,444</th><th colspan="2"></th></tr>
</table>
<table id='summary'><thead><tr><th>Class</th><th>Method</th><th>Start</th><th>Time (ms)</th></tr></thead><tbody><tr><th colspan="4">AllTests</th></tr></tbody><tbody id="t0"><tr><th colspan="4">Login &#8212; passed</th></tr><tr class="passedeven"><td rowspan="1">ro.farmec.tests.LoginTests</td><td><a href="#m0">positiveLogin</a></td><td rowspan="1">1677525935391</td><td rowspan="1">4867</td></tr></tbody>
<tbody id="t1"><tr><th colspan="4">Logout &#8212; passed</th></tr><tr class="passedeven"><td rowspan="1">ro.farmec.tests.LogoutTest</td><td><a href="#m1">positiveLogout</a></td><td rowspan="1">1677525940539</td><td rowspan="1">6266</td></tr></tbody>
<tbody id="t2"><tr><th colspan="4">SearchProductTest &#8212; passed</th></tr><tr class="passedeven"><td rowspan="1">ro.farmec.tests.SearchProductTest</td><td><a href="#m2">searchProduct</a></td><td rowspan="1">1677525947071</td><td rowspan="1">3921</td></tr></tbody>
<tbody id="t3"><tr><th colspan="4">FilterTest &#8212; passed</th></tr><tr class="passedeven"><td rowspan="1">ro.farmec.tests.FiltersTest</td><td><a href="#m3">checkFilters</a></td><td rowspan="1">1677525951329</td><td rowspan="1">6975</td></tr></tbody>
<tbody id="t4"><tr><th colspan="4">SeeProductTest &#8212; passed</th></tr><tr class="passedeven"><td rowspan="1">ro.farmec.tests.SeeProductTest</td><td><a href="#m4">checkSee</a></td><td rowspan="1">1677525958585</td><td rowspan="1">7085</td></tr></tbody>
<tbody id="t5"><tr><th colspan="4">AddToWishTest &#8212; failed (configuration methods)</th></tr><tr class="failedeven"><td rowspan="1">ro.farmec.tests.AddToWishTest</td><td><a href="#m5">tearDown</a></td><td rowspan="1">1677525968814</td><td rowspan="1">42</td></tr><tr><th colspan="4">AddToWishTest &#8212; failed</th></tr><tr class="failedeven"><td rowspan="1">ro.farmec.tests.AddToWishTest</td><td><a href="#m6">checkProduct</a></td><td rowspan="1">1677525965934</td><td rowspan="1">2860</td></tr></tbody>
</table>
<h2>Login</h2><h3 id="m0">ro.farmec.tests.LoginTests#positiveLogin</h3><table class="result"><tr class="param"><th>Parameter #1</th><th>Parameter #2</th></tr><tr class="param stripe"><td>marcuralucadaniela@yahoo.com</td><td>Cacatelul99</td></tr></table><p class="totop"><a href="#summary">back to summary</a></p>
<h2>Logout</h2><h3 id="m1">ro.farmec.tests.LogoutTest#positiveLogout</h3><table class="result"><tr class="param"><th>Parameter #1</th><th>Parameter #2</th></tr><tr class="param stripe"><td>marcuralucadaniela@yahoo.com</td><td>Cacatelul99</td></tr></table><p class="totop"><a href="#summary">back to summary</a></p>
<h2>SearchProductTest</h2><h3 id="m2">ro.farmec.tests.SearchProductTest#searchProduct</h3><table class="result"><tr class="param"><th>Parameter #1</th></tr><tr class="param stripe"><td>acid hialuronic</td></tr></table><p class="totop"><a href="#summary">back to summary</a></p>
<h2>FilterTest</h2><h3 id="m3">ro.farmec.tests.FiltersTest#checkFilters</h3><table class="result"><tr><th class="invisible"/></tr></table><p class="totop"><a href="#summary">back to summary</a></p>
<h2>SeeProductTest</h2><h3 id="m4">ro.farmec.tests.SeeProductTest#checkSee</h3><table class="result"><tr><th class="invisible"/></tr></table><p class="totop"><a href="#summary">back to summary</a></p>
<h2>AddToWishTest</h2><h3 id="m5">ro.farmec.tests.AddToWishTest#tearDown</h3><table class="result"><tr><th>Exception</th></tr><tr><td><div class="stacktrace">org.openqa.selenium.NoSuchWindowException: no such window: target window already closed
from unknown error: web view not found
  (Session info: chrome=110.0.5481.177)
Build info: version: &apos;4.8.0&apos;, revision: &apos;267030adea&apos;
System info: os.name: &apos;Windows 11&apos;, os.arch: &apos;amd64&apos;, os.version: &apos;10.0&apos;, java.version: &apos;19.0.1&apos;
Driver info: org.openqa.selenium.chrome.ChromeDriver
Command: [1bb8d296969507e9f8c8257c8b3415f1, deleteAllCookies {}]
Capabilities {acceptInsecureCerts: false, browserName: chrome, browserVersion: 110.0.5481.177, chrome: {chromedriverVersion: 109.0.5414.74 (e7c5703604da..., userDataDir: C:\Users\Raluca\AppData\Loc...}, goog:chromeOptions: {debuggerAddress: localhost:55358}, networkConnectionEnabled: false, pageLoadStrategy: normal, platformName: WINDOWS, proxy: Proxy(), se:cdp: ws://localhost:55358/devtoo..., se:cdpVersion: 110.0.5481.177, setWindowRect: true, strictFileInteractability: false, timeouts: {implicit: 0, pageLoad: 300000, script: 30000}, unhandledPromptBehavior: dismiss and notify, webauthn:extension:credBlob: true, webauthn:extension:largeBlob: true, webauthn:virtualAuthenticators: true}
Session ID: 1bb8d296969507e9f8c8257c8b3415f1
	at org.openqa.selenium.remote.codec.w3c.W3CHttpResponseCodec.createException(W3CHttpResponseCodec.java:200)
	at org.openqa.selenium.remote.codec.w3c.W3CHttpResponseCodec.decode(W3CHttpResponseCodec.java:133)
	at org.openqa.selenium.remote.codec.w3c.W3CHttpResponseCodec.decode(W3CHttpResponseCodec.java:53)
	at org.openqa.selenium.remote.HttpCommandExecutor.execute(HttpCommandExecutor.java:184)
	at org.openqa.selenium.remote.service.DriverCommandExecutor.invokeExecute(DriverCommandExecutor.java:167)
	at org.openqa.selenium.remote.service.DriverCommandExecutor.execute(DriverCommandExecutor.java:142)
	at org.openqa.selenium.remote.RemoteWebDriver.execute(RemoteWebDriver.java:543)
	at org.openqa.selenium.remote.RemoteWebDriver.execute(RemoteWebDriver.java:598)
	at org.openqa.selenium.remote.RemoteWebDriver.execute(RemoteWebDriver.java:602)
	at org.openqa.selenium.remote.RemoteWebDriver$RemoteWebDriverOptions.deleteAllCookies(RemoteWebDriver.java:785)
	at ro.farmec.tests.BaseTest.tearDown(BaseTest.java:28)
	at java.base/java.util.ArrayList.forEach(ArrayList.java:1511)
	at com.intellij.rt.testng.IDEARemoteTestNG.run(IDEARemoteTestNG.java:66)
	at com.intellij.rt.testng.RemoteTestNGStarter.main(RemoteTestNGStarter.java:109)
... Removed 30 stack frames</div></td></tr></table><p class="totop"><a href="#summary">back to summary</a></p>
<h3 id="m6">ro.farmec.tests.AddToWishTest#checkProduct</h3><table class="result"><tr><th>Exception</th></tr><tr><td><div class="stacktrace">org.openqa.selenium.NoSuchElementException: Unable to find element with locator By.xpath: //*[@id=&quot;root&quot;]/main/section/div/div[2]/div[2]/div/ul/li[1]/div/a/figure/div[3]/button
For documentation on this error, please visit: https://selenium.dev/exceptions/#no_such_element
Build info: version: &apos;4.8.0&apos;, revision: &apos;267030adea&apos;
System info: os.name: &apos;Windows 11&apos;, os.arch: &apos;amd64&apos;, os.version: &apos;10.0&apos;, java.version: &apos;19.0.1&apos;
Driver info: driver.version: RemoteWebDriver
	at org.openqa.selenium.remote.ElementLocation$ElementFinder$2.findElement(ElementLocation.java:165)
	at org.openqa.selenium.remote.ElementLocation.findElement(ElementLocation.java:60)
	at org.openqa.selenium.remote.RemoteWebDriver.findElement(RemoteWebDriver.java:352)
	at org.openqa.selenium.remote.RemoteWebDriver.findElement(RemoteWebDriver.java:344)
	at org.openqa.selenium.support.pagefactory.DefaultElementLocator.findElement(DefaultElementLocator.java:70)
	at org.openqa.selenium.support.pagefactory.internal.LocatingElementHandler.invoke(LocatingElementHandler.java:39)
	at jdk.proxy2/jdk.proxy2.$Proxy16.click(Unknown Source)
	at ro.farmec.pages.AddToWishPage.wishProduct(AddToWishPage.java:29)
	at ro.farmec.tests.AddToWishTest.checkProduct(AddToWishTest.java:24)
	at java.base/java.util.ArrayList.forEach(ArrayList.java:1511)
	at com.intellij.rt.testng.IDEARemoteTestNG.run(IDEARemoteTestNG.java:66)
	at com.intellij.rt.testng.RemoteTestNGStarter.main(RemoteTestNGStarter.java:109)
... Removed 22 stack frames</div></td></tr></table><p class="totop"><a href="#summary">back to summary</a></p>
</body>
</html>
